# JRE version: OpenJDK Runtime Environment Temurin-21.0.8+9 (21.0.8+9) (build 21.0.8+9-LTS)
# Java VM: OpenJDK 64-Bit Server VM Temurin-21.0.8+9 (21.0.8+9-LTS, mixed mode, sharing, tiered, compressed oops, compressed class ptrs, parallel gc, windows-amd64)
GC Precious Log:
 CardTable entry size: 512
 CPUs: 8 total, 8 available
 Memory: 7835M
 Large Page Support: Disabled
 NUMA Support: Disabled
 Compressed Oops: Enabled (32-bit)
 Alignments: Space 512K, Generation 512K, Heap 2M
 Heap Min Capacity: 100M
 Heap Initial Capacity: 100M
 Heap Max Capacity: 2G
 Pre-touch: Disabled
 Parallel Workers: 8
Heap:
 PSYoungGen      total 10240K, used 319K [0x00000000d5580000, 0x00000000d6780000, 0x0000000100000000)
  eden space 9728K, 0% used [0x00000000d5580000,0x00000000d5597f90,0x00000000d5f00000)
  from space 512K, 43% used [0x00000000d6700000,0x00000000d6738000,0x00000000d6780000)
  to   space 3072K, 0% used [0x00000000d6180000,0x00000000d6180000,0x00000000d6480000)
 ParOldGen       total 408576K, used 408107K [0x0000000080000000, 0x0000000098f00000, 0x00000000d5580000)
  object space 408576K, 99% used [0x0000000080000000,0x0000000098e8aff0,0x0000000098f00000)
 Metaspace       used 90024K, committed 91712K, reserved 1179648K
  class space    used 8871K, committed 9664K, reserved 1048576K
GC Heap History (20 events):
Event: 2449.400 GC heap before
{Heap before GC invocations=4160 (full 6):
 PSYoungGen      total 10240K, used 9888K [0x00000000d5580000, 0x00000000d6280000, 0x0000000100000000)
  eden space 9728K, 100% used [0x00000000d5580000,0x00000000d5f00000,0x00000000d5f00000)
  from space 512K, 31% used [0x00000000d6200000,0x00000000d6228000,0x00000000d6280000)
  to   space 512K, 0% used [0x00000000d6180000,0x00000000d6180000,0x00000000d6200000)
 ParOldGen       total 395264K, used 395200K [0x0000000080000000, 0x0000000098200000, 0x00000000d5580000)
  object space 395264K, 99% used [0x0000000080000000,0x00000000981f0120,0x0000000098200000)
 Metaspace       used 89904K, committed 91712K, reserved 1179648K
  class space    used 8853K, committed 9664K, reserved 1048576K
}
Event: 2449.402 GC heap after
{Heap after GC invocations=4160 (full 6):
 PSYoungGen      total 10240K, used 432K [0x00000000d5580000, 0x00000000d6280000, 0x0000000100000000)
  eden space 9728K, 0% used [0x00000000d5580000,0x00000000d5580000,0x00000000d5f00000)
  from space 512K, 84% used [0x00000000d6180000,0x00000000d61ec010,0x00000000d6200000)
  to   space 512K, 0% used [0x00000000d6200000,0x00000000d6200000,0x00000000d6280000)
 ParOldGen       total 395264K, used 395216K [0x0000000080000000, 0x0000000098200000, 0x00000000d5580000)
  object space 395264K, 99% used [0x0000000080000000,0x00000000981f4120,0x0000000098200000)
 Metaspace       used 89904K, committed 91712K, reserved 1179648K
  class space    used 8853K, committed 9664K, reserved 1048576K
}
Event: 2450.316 GC heap before
{Heap before GC invocations=4161 (full 6):
 PSYoungGen      total 10240K, used 10160K [0x00000000d5580000, 0x00000000d6280000, 0x0000000100000000)
  eden space 9728K, 100% used [0x00000000d5580000,0x00000000d5f00000,0x00000000d5f00000)
  from space 512K, 84% used [0x00000000d6180000,0x00000000d61ec010,0x00000000d6200000)
  to   space 512K, 0% used [0x00000000d6200000,0x00000000d6200000,0x00000000d6280000)
 ParOldGen       total 395264K, used 395216K [0x0000000080000000, 0x0000000098200000, 0x00000000d5580000)
  object space 395264K, 99% used [0x0000000080000000,0x00000000981f4120,0x0000000098200000)
 Metaspace       used 89904K, committed 91712K, reserved 1179648K
  class space    used 8853K, committed 9664K, reserved 1048576K
}
Event: 2450.317 GC heap after
{Heap after GC invocations=4161 (full 6):
 PSYoungGen      total 10240K, used 496K [0x00000000d5580000, 0x00000000d6280000, 0x0000000100000000)
  eden space 9728K, 0% used [0x00000000d5580000,0x00000000d5580000,0x00000000d5f00000)
  from space 512K, 96% used [0x00000000d6200000,0x00000000d627c010,0x00000000d6280000)
  to   space 1024K, 0% used [0x00000000d6080000,0x00000000d6080000,0x00000000d6180000)
 ParOldGen       total 395776K, used 395264K [0x0000000080000000, 0x0000000098280000, 0x00000000d5580000)
  object space 395776K, 99% used [0x0000000080000000,0x0000000098200120,0x0000000098280000)
 Metaspace       used 89904K, committed 91712K, reserved 1179648K
  class space    used 8853K, committed 9664K, reserved 1048576K
}
Event: 2450.612 GC heap before
{Heap before GC invocations=4162 (full 6):
 PSYoungGen      total 10240K, used 9912K [0x00000000d5580000, 0x00000000d6280000, 0x0000000100000000)
  eden space 9728K, 96% used [0x00000000d5580000,0x00000000d5eb20b8,0x00000000d5f00000)
  from space 512K, 96% used [0x00000000d6200000,0x00000000d627c010,0x00000000d6280000)
  to   space 1024K, 0% used [0x00000000d6080000,0x00000000d6080000,0x00000000d6180000)
 ParOldGen       total 395776K, used 395264K [0x0000000080000000, 0x0000000098280000, 0x00000000d5580000)
  object space 395776K, 99% used [0x0000000080000000,0x0000000098200120,0x0000000098280000)
 Metaspace       used 89904K, committed 91712K, reserved 1179648K
  class space    used 8853K, committed 9664K, reserved 1048576K
}
Event: 2450.617 GC heap after
{Heap after GC invocations=4162 (full 6):
 PSYoungGen      total 10752K, used 1022K [0x00000000d5580000, 0x00000000d6f00000, 0x0000000100000000)
  eden space 9728K, 0% used [0x00000000d5580000,0x00000000d5580000,0x00000000d5f00000)
  from space 1024K, 99% used [0x00000000d6080000,0x00000000d617f888,0x00000000d6180000)
  to   space 8192K, 0% used [0x00000000d6700000,0x00000000d6700000,0x00000000d6f00000)
 ParOldGen       total 401408K, used 401069K [0x0000000080000000, 0x0000000098800000, 0x00000000d5580000)
  object space 401408K, 99% used [0x0000000080000000,0x00000000987ab5b0,0x0000000098800000)
 Metaspace       used 89904K, committed 91712K, reserved 1179648K
  class space    used 8853K, committed 9664K, reserved 1048576K
}
Event: 2450.990 GC heap before
{Heap before GC invocations=4163 (full 6):
 PSYoungGen      total 10752K, used 10750K [0x00000000d5580000, 0x00000000d6f00000, 0x0000000100000000)
  eden space 9728K, 100% used [0x00000000d5580000,0x00000000d5f00000,0x00000000d5f00000)
  from space 1024K, 99% used [0x00000000d6080000,0x00000000d617f888,0x00000000d6180000)
  to   space 8192K, 0% used [0x00000000d6700000,0x00000000d6700000,0x00000000d6f00000)
 ParOldGen       total 401408K, used 401069K [0x0000000080000000, 0x0000000098800000, 0x00000000d5580000)
  object space 401408K, 99% used [0x0000000080000000,0x00000000987ab5b0,0x0000000098800000)
 Metaspace       used 89905K, committed 91712K, reserved 1179648K
  class space    used 8853K, committed 9664K, reserved 1048576K
}
Event: 2450.992 GC heap after
{Heap after GC invocations=4163 (full 6):
 PSYoungGen      total 10240K, used 192K [0x00000000d5580000, 0x00000000d6780000, 0x0000000100000000)
  eden space 9728K, 0% used [0x00000000d5580000,0x00000000d5580000,0x00000000d5f00000)
  from space 512K, 37% used [0x00000000d6700000,0x00000000d6730000,0x00000000d6780000)
  to   space 3072K, 0% used [0x00000000d6180000,0x00000000d6180000,0x00000000d6480000)
 ParOldGen       total 401408K, used 401149K [0x0000000080000000, 0x0000000098800000, 0x00000000d5580000)
  object space 401408K, 99% used [0x0000000080000000,0x00000000987bf5b0,0x0000000098800000)
 Metaspace       used 89905K, committed 91712K, reserved 1179648K
  class space    used 8853K, committed 9664K, reserved 1048576K
}
Event: 2463.361 GC heap before
{Heap before GC invocations=4164 (full 6):
 PSYoungGen      total 10240K, used 9920K [0x00000000d5580000, 0x00000000d6780000, 0x0000000100000000)
  eden space 9728K, 100% used [0x00000000d5580000,0x00000000d5f00000,0x00000000d5f00000)
  from space 512K, 37% used [0x00000000d6700000,0x00000000d6730000,0x00000000d6780000)
  to   space 3072K, 0% used [0x00000000d6180000,0x00000000d6180000,0x00000000d6480000)
 ParOldGen       total 401408K, used 401149K [0x0000000080000000, 0x0000000098800000, 0x00000000d5580000)
  object space 401408K, 99% used [0x0000000080000000,0x00000000987bf5b0,0x0000000098800000)
 Metaspace       used 89906K, committed 91712K, reserved 1179648K
  class space    used 8853K, committed 9664K, reserved 1048576K
}
Event: 2463.362 GC heap after
{Heap after GC invocations=4164 (full 6):
 PSYoungGen      total 12800K, used 288K [0x00000000d5580000, 0x00000000d6780000, 0x0000000100000000)
  eden space 9728K, 0% used [0x00000000d5580000,0x00000000d5580000,0x00000000d5f00000)
  from space 3072K, 9% used [0x00000000d6180000,0x00000000d61c8000,0x00000000d6480000)
  to   space 1024K, 0% used [0x00000000d6680000,0x00000000d6680000,0x00000000d6780000)
 ParOldGen       total 401408K, used 401205K [0x0000000080000000, 0x0000000098800000, 0x00000000d5580000)
  object space 401408K, 99% used [0x0000000080000000,0x00000000987cd5b0,0x0000000098800000)
 Metaspace       used 89906K, committed 91712K, reserved 1179648K
  class space    used 8853K, committed 9664K, reserved 1048576K
}
Event: 2464.048 GC heap before
{Heap before GC invocations=4165 (full 6):
 PSYoungGen      total 12800K, used 10016K [0x00000000d5580000, 0x00000000d6780000, 0x0000000100000000)
  eden space 9728K, 100% used [0x00000000d5580000,0x00000000d5f00000,0x00000000d5f00000)
  from space 3072K, 9% used [0x00000000d6180000,0x00000000d61c8000,0x00000000d6480000)
  to   space 1024K, 0% used [0x00000000d6680000,0x00000000d6680000,0x00000000d6780000)
 ParOldGen       total 401408K, used 401205K [0x0000000080000000, 0x0000000098800000, 0x00000000d5580000)
  object space 401408K, 99% used [0x0000000080000000,0x00000000987cd5b0,0x0000000098800000)
 Metaspace       used 89984K, committed 91712K, reserved 1179648K
  class space    used 8871K, committed 9664K, reserved 1048576K
}
Event: 2464.049 GC heap after
{Heap after GC invocations=4165 (full 6):
 PSYoungGen      total 10752K, used 768K [0x00000000d5580000, 0x00000000d6780000, 0x0000000100000000)
  eden space 9728K, 0% used [0x00000000d5580000,0x00000000d5580000,0x00000000d5f00000)
  from space 1024K, 75% used [0x00000000d6680000,0x00000000d6740000,0x00000000d6780000)
  to   space 1024K, 0% used [0x00000000d6580000,0x00000000d6580000,0x00000000d6680000)
 ParOldGen       total 401408K, used 401362K [0x0000000080000000, 0x0000000098800000, 0x00000000d5580000)
  object space 401408K, 99% used [0x0000000080000000,0x00000000987f4a40,0x0000000098800000)
 Metaspace       used 89984K, committed 91712K, reserved 1179648K
  class space    used 8871K, committed 9664K, reserved 1048576K
}
Event: 2464.316 GC heap before
{Heap before GC invocations=4166 (full 6):
 PSYoungGen      total 10752K, used 10496K [0x00000000d5580000, 0x00000000d6780000, 0x0000000100000000)
  eden space 9728K, 100% used [0x00000000d5580000,0x00000000d5f00000,0x00000000d5f00000)
  from space 1024K, 75% used [0x00000000d6680000,0x00000000d6740000,0x00000000d6780000)
  to   space 1024K, 0% used [0x00000000d6580000,0x00000000d6580000,0x00000000d6680000)
 ParOldGen       total 401408K, used 401362K [0x0000000080000000, 0x0000000098800000, 0x00000000d5580000)
  object space 401408K, 99% used [0x0000000080000000,0x00000000987f4a40,0x0000000098800000)
 Metaspace       used 89984K, committed 91712K, reserved 1179648K
  class space    used 8871K, committed 9664K, reserved 1048576K
}
Event: 2464.318 GC heap after
{Heap after GC invocations=4166 (full 6):
 PSYoungGen      total 10752K, used 934K [0x00000000d5580000, 0x00000000d6700000, 0x0000000100000000)
  eden space 9728K, 0% used [0x00000000d5580000,0x00000000d5580000,0x00000000d5f00000)
  from space 1024K, 91% used [0x00000000d6580000,0x00000000d6669ae0,0x00000000d6680000)
  to   space 512K, 0% used [0x00000000d6680000,0x00000000d6680000,0x00000000d6700000)
 ParOldGen       total 401920K, used 401730K [0x0000000080000000, 0x0000000098880000, 0x00000000d5580000)
  object space 401920K, 99% used [0x0000000080000000,0x0000000098850a40,0x0000000098880000)
 Metaspace       used 89984K, committed 91712K, reserved 1179648K
  class space    used 8871K, committed 9664K, reserved 1048576K
}
Event: 2464.960 GC heap before
{Heap before GC invocations=4167 (full 6):
 PSYoungGen      total 10752K, used 10662K [0x00000000d5580000, 0x00000000d6700000, 0x0000000100000000)
  eden space 9728K, 100% used [0x00000000d5580000,0x00000000d5f00000,0x00000000d5f00000)
  from space 1024K, 91% used [0x00000000d6580000,0x00000000d6669ae0,0x00000000d6680000)
  to   space 512K, 0% used [0x00000000d6680000,0x00000000d6680000,0x00000000d6700000)
 ParOldGen       total 401920K, used 401730K [0x0000000080000000, 0x0000000098880000, 0x00000000d5580000)
  object space 401920K, 99% used [0x0000000080000000,0x0000000098850a40,0x0000000098880000)
 Metaspace       used 89984K, committed 91712K, reserved 1179648K
  class space    used 8871K, committed 9664K, reserved 1048576K
}
Event: 2464.961 GC heap after
{Heap after GC invocations=4167 (full 6):
 PSYoungGen      total 10240K, used 512K [0x00000000d5580000, 0x00000000d6700000, 0x0000000100000000)
  eden space 9728K, 0% used [0x00000000d5580000,0x00000000d5580000,0x00000000d5f00000)
  from space 512K, 100% used [0x00000000d6680000,0x00000000d6700000,0x00000000d6700000)
  to   space 1024K, 0% used [0x00000000d6500000,0x00000000d6500000,0x00000000d6600000)
 ParOldGen       total 401920K, used 401786K [0x0000000080000000, 0x0000000098880000, 0x00000000d5580000)
  object space 401920K, 99% used [0x0000000080000000,0x000000009885ea40,0x0000000098880000)
 Metaspace       used 89984K, committed 91712K, reserved 1179648K
  class space    used 8871K, committed 9664K, reserved 1048576K
}
Event: 2472.570 GC heap before
{Heap before GC invocations=4168 (full 6):
 PSYoungGen      total 10240K, used 9916K [0x00000000d5580000, 0x00000000d6700000, 0x0000000100000000)
  eden space 9728K, 96% used [0x00000000d5580000,0x00000000d5eaf098,0x00000000d5f00000)
  from space 512K, 100% used [0x00000000d6680000,0x00000000d6700000,0x00000000d6700000)
  to   space 1024K, 0% used [0x00000000d6500000,0x00000000d6500000,0x00000000d6600000)
 ParOldGen       total 401920K, used 401786K [0x0000000080000000, 0x0000000098880000, 0x00000000d5580000)
  object space 401920K, 99% used [0x0000000080000000,0x000000009885ea40,0x0000000098880000)
 Metaspace       used 89984K, committed 91712K, reserved 1179648K
  class space    used 8871K, committed 9664K, reserved 1048576K
}
Event: 2472.574 GC heap after
{Heap after GC invocations=4168 (full 6):
 PSYoungGen      total 10752K, used 1009K [0x00000000d5580000, 0x00000000d6f00000, 0x0000000100000000)
  eden space 9728K, 0% used [0x00000000d5580000,0x00000000d5580000,0x00000000d5f00000)
  from space 1024K, 98% used [0x00000000d6500000,0x00000000d65fc5b0,0x00000000d6600000)
  to   space 8192K, 0% used [0x00000000d6700000,0x00000000d6700000,0x00000000d6f00000)
 ParOldGen       total 408064K, used 407803K [0x0000000080000000, 0x0000000098e80000, 0x00000000d5580000)
  object space 408064K, 99% used [0x0000000080000000,0x0000000098e3eff0,0x0000000098e80000)
 Metaspace       used 89984K, committed 91712K, reserved 1179648K
  class space    used 8871K, committed 9664K, reserved 1048576K
}
Event: 84046.714 GC heap before
{Heap before GC invocations=4169 (full 6):
 PSYoungGen      total 10752K, used 10736K [0x00000000d5580000, 0x00000000d6f00000, 0x0000000100000000)
  eden space 9728K, 99% used [0x00000000d5580000,0x00000000d5effda0,0x00000000d5f00000)
  from space 1024K, 98% used [0x00000000d6500000,0x00000000d65fc5b0,0x00000000d6600000)
  to   space 8192K, 0% used [0x00000000d6700000,0x00000000d6700000,0x00000000d6f00000)
 ParOldGen       total 408064K, used 407803K [0x0000000080000000, 0x0000000098e80000, 0x00000000d5580000)
  object space 408064K, 99% used [0x0000000080000000,0x0000000098e3eff0,0x0000000098e80000)
 Metaspace       used 90024K, committed 91712K, reserved 1179648K
  class space    used 8871K, committed 9664K, reserved 1048576K
}
Event: 84047.146 GC heap after
{Heap after GC invocations=4169 (full 6):
 PSYoungGen      total 10240K, used 224K [0x00000000d5580000, 0x00000000d6780000, 0x0000000100000000)
  eden space 9728K, 0% used [0x00000000d5580000,0x00000000d5580000,0x00000000d5f00000)
  from space 512K, 43% used [0x00000000d6700000,0x00000000d6738000,0x00000000d6780000)
  to   space 3072K, 0% used [0x00000000d6180000,0x00000000d6180000,0x00000000d6480000)
 ParOldGen       total 408576K, used 408107K [0x0000000080000000, 0x0000000098f00000, 0x00000000d5580000)
  object space 408576K, 99% used [0x0000000080000000,0x0000000098e8aff0,0x0000000098f00000)
 Metaspace       used 90024K, committed 91712K, reserved 1179648K
  class space    used 8871K, committed 9664K, reserved 1048576K
}

